<?xml version="1.0" encoding="UTF-8"?>
<!-- Generated by org.testng.reporters.JUnitXMLReporter -->
<testsuite ignored="1" hostname="LAPTOP-8CTV02M1" failures="0" tests="2" name="Test" time="3.149" errors="0" timestamp="2023-03-04T17:48:45 IST">
  <testcase classname="testNG.CrossBrowserParallelExecution1" name="chrome" time="0.326"/>
  <testcase classname="testNG.CrossBrowserParallelExecution2" name="chrome" time="0.175"/>
  <testcase classname="ecommerce_baseclass.configurationPracticepage" name="@BeforeTest testsetup" time="0.0">
    <ignored/>
  </testcase> <!-- @BeforeTest testsetup -->
</testsuite> <!-- Test -->
