<?xml version="1.0" encoding="UTF-8"?>
<!-- Generated by org.testng.reporters.JUnitXMLReporter -->
<testsuite ignored="0" hostname="LAPTOP-8CTV02M1" failures="1" tests="1" name="Test3" time="6.09" errors="0" timestamp="2023-02-28T18:20:55 IST">
  <testcase classname="ecommerce_flashcart_admin.Flashcart_Create_product" name="maintest" time="0.011">
    <failure type="java.lang.NullPointerException" message="Cannot invoke &amp;quot;org.openqa.selenium.WebDriver.findElement(org.openqa.selenium.By)&amp;quot; because &amp;quot;this.driver&amp;quot; is null">
      <![CDATA[java.lang.NullPointerException: Cannot invoke "org.openqa.selenium.WebDriver.findElement(org.openqa.selenium.By)" because "this.driver" is null
at ecommerce_flashcart_objectrepository.Commonpage_admin.convertToWebelement(Commonpage_admin.java:18)
at ecommerce_flashcart_objectrepository.Commonpage_admin.clickTab(Commonpage_admin.java:33)
at ecommerce_flashcart_admin.Flashcart_Create_product.maintest(Flashcart_Create_product.java:50)
at java.base/java.util.ArrayList.forEach(ArrayList.java:1511)
at java.base/java.util.concurrent.FutureTask.run(FutureTask.java:264)
at java.base/java.util.concurrent.ThreadPoolExecutor.runWorker(ThreadPoolExecutor.java:1130)
at java.base/java.util.concurrent.ThreadPoolExecutor$Worker.run(ThreadPoolExecutor.java:630)
at java.base/java.lang.Thread.run(Thread.java:831)
... Removed 17 stack frames]]>
    </failure>
  </testcase> <!-- maintest -->
</testsuite> <!-- Test3 -->
