<?xml version="1.0" encoding="UTF-8"?>
<testng-results ignored="0" total="1" passed="1" failed="0" skipped="0">
  <reporter-output>
  </reporter-output>
  <suite started-at="2023-03-07T14:47:43 IST" name="Default suite" finished-at="2023-03-07T14:47:50 IST" duration-ms="7207">
    <groups>
    </groups>
    <test started-at="2023-03-07T14:47:43 IST" name="Default test" finished-at="2023-03-07T14:47:50 IST" duration-ms="7207">
      <class name="ecommerce_flashcart_user.Flashcart_order">
        <test-method is-config="true" signature="beforeclass()[pri:0, instance:ecommerce_flashcart_user.Flashcart_order@1e6a3214]" started-at="2023-03-07T14:47:43 IST" name="beforeclass" finished-at="2023-03-07T14:47:44 IST" duration-ms="809" status="PASS">
          <reporter-output>
          </reporter-output>
        </test-method> <!-- beforeclass -->
        <test-method is-config="true" signature="beforemethoduser()[pri:0, instance:ecommerce_flashcart_user.Flashcart_order@1e6a3214]" started-at="2023-03-07T14:47:44 IST" name="beforemethoduser" finished-at="2023-03-07T14:47:46 IST" duration-ms="2499" status="PASS">
          <reporter-output>
          </reporter-output>
        </test-method> <!-- beforemethoduser -->
        <test-method signature="xyz()[pri:0, instance:ecommerce_flashcart_user.Flashcart_order@1e6a3214]" started-at="2023-03-07T14:47:46 IST" name="xyz" finished-at="2023-03-07T14:47:50 IST" duration-ms="3846" status="PASS">
          <reporter-output>
          </reporter-output>
        </test-method> <!-- xyz -->
        <test-method is-config="true" signature="afterclass()[pri:0, instance:ecommerce_flashcart_user.Flashcart_order@1e6a3214]" started-at="2023-03-07T14:47:50 IST" name="afterclass" finished-at="2023-03-07T14:47:50 IST" duration-ms="2" status="PASS">
          <reporter-output>
          </reporter-output>
        </test-method> <!-- afterclass -->
      </class> <!-- ecommerce_flashcart_user.Flashcart_order -->
    </test> <!-- Default test -->
  </suite> <!-- Default suite -->
</testng-results>
